<?xml version="1.0" encoding="UTF-8"?>
<!-- Generated by org.testng.reporters.JUnitReportReporter -->
<testsuite hostname="DESKTOP-BN58NSU" failures="0" tests="3" name="testngdemo.demo126" time="0.180" errors="0" timestamp="27 Oct 2022 09:49:44 GMT">
  <testcase classname="testngdemo.demo126" name="Apple" time="0.072"/>
  <testcase classname="testngdemo.demo126" name="car" time="0.105"/>
  <testcase classname="testngdemo.demo126" name="Bat" time="0.003"/>
</testsuite> <!-- testngdemo.demo126 -->
