<?xml version="1.0" encoding="UTF-8"?>
<!-- Generated by org.testng.reporters.JUnitReportReporter -->
<testsuite hostname="DESKTOP-BN58NSU" failures="0" tests="2" name="testngdemo.groups" time="0.049" errors="0" timestamp="27 Oct 2022 10:55:28 GMT">
  <testcase classname="testngdemo.groups" name="tc4" time="0.006"/>
  <testcase classname="testngdemo.groups" name="tc2" time="0.043"/>
</testsuite> <!-- testngdemo.groups -->
