<?xml version="1.0" encoding="UTF-8"?>
<!-- Generated by org.testng.reporters.JUnitReportReporter -->
<testsuite hostname="DESKTOP-BN58NSU" failures="0" tests="1" name="jsexecutor.demo1test" time="6.263" errors="0" timestamp="31 Oct 2022 10:06:51 GMT">
  <testcase classname="jsexecutor.demo1test" name="test2" time="6.263"/>
</testsuite> <!-- jsexecutor.demo1test -->
